<!DOCTYPE html>

<html>
  <head>
  <meta charset='utf-8'>
  <title>TestNG reports</title>

    <link type="text/css" href="testng-reports1.css" rel="stylesheet" id="ultra" />
    <link type="text/css" href="testng-reports.css" rel="stylesheet" id="retro" disabled="false"/>
    <script type="text/javascript" src="jquery-3.6.0.min.js"></script>
    <script type="text/javascript" src="testng-reports.js"></script>
    <script type="text/javascript" src="https://www.google.com/jsapi"></script>
    <script type='text/javascript'>
      google.load('visualization', '1', {packages:['table']});
      google.setOnLoadCallback(drawTable);
      var suiteTableInitFunctions = new Array();
      var suiteTableData = new Array();
    </script>
    <!--
      <script type="text/javascript" src="jquery-ui/js/jquery-ui-1.8.16.custom.min.js"></script>
     -->
  </head>

  <body>    <div class="top-banner-root">
      <span class="top-banner-title-font">Test results</span>
      <button id="button" class="button">Switch Retro Theme</button> <!-- button -->
      <br/>
      <span class="top-banner-font-1">1 suite, 1 failed test</span>
    </div> <!-- top-banner-root -->
    <div class="navigator-root">
      <div class="navigator-suite-header">
        <span>All suites</span>
        <a href="#" title="Collapse/expand all the suites" class="collapse-all-link">
          <img src="collapseall.gif" class="collapse-all-icon">
          </img> <!-- collapse-all-icon -->
        </a> <!-- collapse-all-link -->
      </div> <!-- navigator-suite-header -->
      <div class="suite">
        <div class="rounded-window">
          <div class="suite-header light-rounded-window-top">
            <a href="#" panel-name="suite-Opencart_App_Test_Regression_Suite" class="navigator-link">
              <span class="suite-name border-failed">Opencart App Test Regression Suite</span>
            </a> <!-- navigator-link -->
          </div> <!-- suite-header light-rounded-window-top -->
          <div class="navigator-suite-content">
            <div class="suite-section-title">
              <span>Info</span>
            </div> <!-- suite-section-title -->
            <div class="suite-section-content">
              <ul>
                <li>
                  <a href="#" panel-name="test-xml-Opencart_App_Test_Regression_Suite" class="navigator-link ">
                    <span>C:\Users\aayus\eclipse-workspace\Ecomerce_Design_Framework\src\test\resources\testrunner\testing_regression.xml</span>
                  </a> <!-- navigator-link  -->
                </li>
                <li>
                  <a href="#" panel-name="testlist-Opencart_App_Test_Regression_Suite" class="navigator-link ">
                    <span class="test-stats">3 tests</span>
                  </a> <!-- navigator-link  -->
                </li>
                <li>
                  <a href="#" panel-name="group-Opencart_App_Test_Regression_Suite" class="navigator-link ">
                    <span>0 groups</span>
                  </a> <!-- navigator-link  -->
                </li>
                <li>
                  <a href="#" panel-name="times-Opencart_App_Test_Regression_Suite" class="navigator-link ">
                    <span>Times</span>
                  </a> <!-- navigator-link  -->
                </li>
                <li>
                  <a href="#" panel-name="reporter-Opencart_App_Test_Regression_Suite" class="navigator-link ">
                    <span>Reporter output</span>
                  </a> <!-- navigator-link  -->
                </li>
                <li>
                  <a href="#" panel-name="ignored-methods-Opencart_App_Test_Regression_Suite" class="navigator-link ">
                    <span>Ignored methods</span>
                  </a> <!-- navigator-link  -->
                </li>
                <li>
                  <a href="#" panel-name="chronological-Opencart_App_Test_Regression_Suite" class="navigator-link ">
                    <span>Chronological view</span>
                  </a> <!-- navigator-link  -->
                </li>
              </ul>
            </div> <!-- suite-section-content -->
            <div class="result-section">
              <div class="suite-section-title">
                <span>Results</span>
              </div> <!-- suite-section-title -->
              <div class="suite-section-content">
                <ul>
                  <li>
                    <span class="method-stats">35 methods, 1 failed,  3 skipped,  31 passed</span>
                  </li>
                  <li>
                    <span class="method-list-title failed">Failed methods</span>
                    <span class="show-or-hide-methods failed">
                      <a href="#" panel-name="suite-Opencart_App_Test_Regression_Suite" class="hide-methods failed suite-Opencart_App_Test_Regression_Suite"> (hide)</a> <!-- hide-methods failed suite-Opencart_App_Test_Regression_Suite -->
                      <a href="#" panel-name="suite-Opencart_App_Test_Regression_Suite" class="show-methods failed suite-Opencart_App_Test_Regression_Suite"> (show)</a> <!-- show-methods failed suite-Opencart_App_Test_Regression_Suite -->
                    </span>
                    <div class="method-list-content failed suite-Opencart_App_Test_Regression_Suite">
                      <span>
                        <img src="failed.png" width="3%"/>
                        <a href="#" panel-name="suite-Opencart_App_Test_Regression_Suite" title="com.qa.opencart.test.HomePageTest" class="method navigator-link" hash-for-method="searchTest(macbook, 4)">searchTest(macbook, 4)</a> <!-- method navigator-link -->
                      </span>
                      <br/>
                    </div> <!-- method-list-content failed suite-Opencart_App_Test_Regression_Suite -->
                  </li>
                  <li>
                    <span class="method-list-title skipped">Retried methods</span>
                    <span class="show-or-hide-methods skipped">
                      <a href="#" panel-name="suite-Opencart_App_Test_Regression_Suite" class="hide-methods skipped suite-Opencart_App_Test_Regression_Suite"> (hide)</a> <!-- hide-methods skipped suite-Opencart_App_Test_Regression_Suite -->
                      <a href="#" panel-name="suite-Opencart_App_Test_Regression_Suite" class="show-methods skipped suite-Opencart_App_Test_Regression_Suite"> (show)</a> <!-- show-methods skipped suite-Opencart_App_Test_Regression_Suite -->
                    </span>
                    <div class="method-list-content skipped suite-Opencart_App_Test_Regression_Suite">
                      <span>
                        <img src="skipped.png" width="3%"/>
                        <a href="#" panel-name="suite-Opencart_App_Test_Regression_Suite" title="com.qa.opencart.test.HomePageTest" class="method navigator-link" hash-for-method="searchTest(macbook, 4)">searchTest(macbook, 4)</a> <!-- method navigator-link -->
                      </span>
                      <br/>
                      <span>
                        <img src="skipped.png" width="3%"/>
                        <a href="#" panel-name="suite-Opencart_App_Test_Regression_Suite" title="com.qa.opencart.test.HomePageTest" class="method navigator-link" hash-for-method="searchTest(macbook, 4)">searchTest(macbook, 4)</a> <!-- method navigator-link -->
                      </span>
                      <br/>
                      <span>
                        <img src="skipped.png" width="3%"/>
                        <a href="#" panel-name="suite-Opencart_App_Test_Regression_Suite" title="com.qa.opencart.test.HomePageTest" class="method navigator-link" hash-for-method="searchTest(macbook, 4)">searchTest(macbook, 4)</a> <!-- method navigator-link -->
                      </span>
                      <br/>
                    </div> <!-- method-list-content skipped suite-Opencart_App_Test_Regression_Suite -->
                  </li>
                  <li>
                    <span class="method-list-title passed">Passed methods</span>
                    <span class="show-or-hide-methods passed">
                      <a href="#" panel-name="suite-Opencart_App_Test_Regression_Suite" class="hide-methods passed suite-Opencart_App_Test_Regression_Suite"> (hide)</a> <!-- hide-methods passed suite-Opencart_App_Test_Regression_Suite -->
                      <a href="#" panel-name="suite-Opencart_App_Test_Regression_Suite" class="show-methods passed suite-Opencart_App_Test_Regression_Suite"> (show)</a> <!-- show-methods passed suite-Opencart_App_Test_Regression_Suite -->
                    </span>
                    <div class="method-list-content passed suite-Opencart_App_Test_Regression_Suite">
                      <span>
                        <img src="passed.png" width="3%"/>
                        <a href="#" panel-name="suite-Opencart_App_Test_Regression_Suite" title="com.qa.opencart.test.LoginPageTest" class="method navigator-link" hash-for-method="footerTest(Specials)">footerTest(Specials)</a> <!-- method navigator-link -->
                      </span>
                      <br/>
                      <span>
                        <img src="passed.png" width="3%"/>
                        <a href="#" panel-name="suite-Opencart_App_Test_Regression_Suite" title="com.qa.opencart.test.LoginPageTest" class="method navigator-link" hash-for-method="footerTest(About Us)">footerTest(About Us)</a> <!-- method navigator-link -->
                      </span>
                      <br/>
                      <span>
                        <img src="passed.png" width="3%"/>
                        <a href="#" panel-name="suite-Opencart_App_Test_Regression_Suite" title="com.qa.opencart.test.LoginPageTest" class="method navigator-link" hash-for-method="footerTest(Contact Us)">footerTest(Contact Us)</a> <!-- method navigator-link -->
                      </span>
                      <br/>
                      <span>
                        <img src="passed.png" width="3%"/>
                        <a href="#" panel-name="suite-Opencart_App_Test_Regression_Suite" title="com.qa.opencart.test.LoginPageTest" class="method navigator-link" hash-for-method="footerTest(Brands)">footerTest(Brands)</a> <!-- method navigator-link -->
                      </span>
                      <br/>
                      <span>
                        <img src="passed.png" width="3%"/>
                        <a href="#" panel-name="suite-Opencart_App_Test_Regression_Suite" title="com.qa.opencart.test.LoginPageTest" class="method navigator-link" hash-for-method="footerTest(Affiliate)">footerTest(Affiliate)</a> <!-- method navigator-link -->
                      </span>
                      <br/>
                      <span>
                        <img src="passed.png" width="3%"/>
                        <a href="#" panel-name="suite-Opencart_App_Test_Regression_Suite" title="com.qa.opencart.test.LoginPageTest" class="method navigator-link" hash-for-method="footerTest(Gift Certificates)">footerTest(Gift Certificates)</a> <!-- method navigator-link -->
                      </span>
                      <br/>
                      <span>
                        <img src="passed.png" width="3%"/>
                        <a href="#" panel-name="suite-Opencart_App_Test_Regression_Suite" title="com.qa.opencart.test.LoginPageTest" class="method navigator-link" hash-for-method="footerTest(Site Map)">footerTest(Site Map)</a> <!-- method navigator-link -->
                      </span>
                      <br/>
                      <span>
                        <img src="passed.png" width="3%"/>
                        <a href="#" panel-name="suite-Opencart_App_Test_Regression_Suite" title="com.qa.opencart.test.LoginPageTest" class="method navigator-link" hash-for-method="forgetLPwdLinkTest">forgetLPwdLinkTest</a> <!-- method navigator-link -->
                      </span>
                      <br/>
                      <span>
                        <img src="passed.png" width="3%"/>
                        <a href="#" panel-name="suite-Opencart_App_Test_Regression_Suite" title="com.qa.opencart.test.HomePageTest" class="method navigator-link" hash-for-method="headerTest">headerTest</a> <!-- method navigator-link -->
                      </span>
                      <br/>
                      <span>
                        <img src="passed.png" width="3%"/>
                        <a href="#" panel-name="suite-Opencart_App_Test_Regression_Suite" title="com.qa.opencart.test.HomePageTest" class="method navigator-link" hash-for-method="homePageTitileTest">homePageTitileTest</a> <!-- method navigator-link -->
                      </span>
                      <br/>
                      <span>
                        <img src="passed.png" width="3%"/>
                        <a href="#" panel-name="suite-Opencart_App_Test_Regression_Suite" title="com.qa.opencart.test.HomePageTest" class="method navigator-link" hash-for-method="homePageUrlTest">homePageUrlTest</a> <!-- method navigator-link -->
                      </span>
                      <br/>
                      <span>
                        <img src="passed.png" width="3%"/>
                        <a href="#" panel-name="suite-Opencart_App_Test_Regression_Suite" title="com.qa.opencart.test.LoginPageTest" class="method navigator-link" hash-for-method="loginPageTitleTest">loginPageTitleTest</a> <!-- method navigator-link -->
                      </span>
                      <br/>
                      <span>
                        <img src="passed.png" width="3%"/>
                        <a href="#" panel-name="suite-Opencart_App_Test_Regression_Suite" title="com.qa.opencart.test.LoginPageTest" class="method navigator-link" hash-for-method="loginPageUrlTest">loginPageUrlTest</a> <!-- method navigator-link -->
                      </span>
                      <br/>
                      <span>
                        <img src="passed.png" width="3%"/>
                        <a href="#" panel-name="suite-Opencart_App_Test_Regression_Suite" title="com.qa.opencart.test.LoginPageTest" class="method navigator-link" hash-for-method="loginTest">loginTest</a> <!-- method navigator-link -->
                      </span>
                      <br/>
                      <span>
                        <img src="passed.png" width="3%"/>
                        <a href="#" panel-name="suite-Opencart_App_Test_Regression_Suite" title="com.qa.opencart.test.LoginPageTest" class="method navigator-link" hash-for-method="logoTest">logoTest</a> <!-- method navigator-link -->
                      </span>
                      <br/>
                      <span>
                        <img src="passed.png" width="3%"/>
                        <a href="#" panel-name="suite-Opencart_App_Test_Regression_Suite" title="com.qa.opencart.test.HomePageTest" class="method navigator-link" hash-for-method="logoutLinkExitsTest">logoutLinkExitsTest</a> <!-- method navigator-link -->
                      </span>
                      <br/>
                      <span>
                        <img src="passed.png" width="3%"/>
                        <a href="#" panel-name="suite-Opencart_App_Test_Regression_Suite" title="com.qa.opencart.test.ProductInfoPageTest" class="method navigator-link" hash-for-method="productHeaderImageTest(macbook, MacBook Air, 4)">productHeaderImageTest(macbook, MacBook Air, 4)</a> <!-- method navigator-link -->
                      </span>
                      <br/>
                      <span>
                        <img src="passed.png" width="3%"/>
                        <a href="#" panel-name="suite-Opencart_App_Test_Regression_Suite" title="com.qa.opencart.test.ProductInfoPageTest" class="method navigator-link" hash-for-method="productHeaderImageTest(samsung, Samsung Galaxy Tab 10.1, 7)">productHeaderImageTest(samsung, Samsung Galaxy Tab 10.1, 7)</a> <!-- method navigator-link -->
                      </span>
                      <br/>
                      <span>
                        <img src="passed.png" width="3%"/>
                        <a href="#" panel-name="suite-Opencart_App_Test_Regression_Suite" title="com.qa.opencart.test.ProductInfoPageTest" class="method navigator-link" hash-for-method="productHeaderImageTest(imac, iMac, 3)">productHeaderImageTest(imac, iMac, 3)</a> <!-- method navigator-link -->
                      </span>
                      <br/>
                      <span>
                        <img src="passed.png" width="3%"/>
                        <a href="#" panel-name="suite-Opencart_App_Test_Regression_Suite" title="com.qa.opencart.test.ProductInfoPageTest" class="method navigator-link" hash-for-method="productHeaderImageTest(samsung, Samsung SyncMaster 941BW, 1)">productHeaderImageTest(samsung, Samsung SyncMaster 941BW, 1)</a> <!-- method navigator-link -->
                      </span>
                      <br/>
                      <span>
                        <img src="passed.png" width="3%"/>
                        <a href="#" panel-name="suite-Opencart_App_Test_Regression_Suite" title="com.qa.opencart.test.ProductInfoPageTest" class="method navigator-link" hash-for-method="productHeaderImageTest(macbook, MacBook Pro, 4)">productHeaderImageTest(macbook, MacBook Pro, 4)</a> <!-- method navigator-link -->
                      </span>
                      <br/>
                      <span>
                        <img src="passed.png" width="3%"/>
                        <a href="#" panel-name="suite-Opencart_App_Test_Regression_Suite" title="com.qa.opencart.test.ProductInfoPageTest" class="method navigator-link" hash-for-method="productHeaderTest(Macbook, MacBook Pro)">productHeaderTest(Macbook, MacBook Pro)</a> <!-- method navigator-link -->
                      </span>
                      <br/>
                      <span>
                        <img src="passed.png" width="3%"/>
                        <a href="#" panel-name="suite-Opencart_App_Test_Regression_Suite" title="com.qa.opencart.test.ProductInfoPageTest" class="method navigator-link" hash-for-method="productHeaderTest(iMac, iMac)">productHeaderTest(iMac, iMac)</a> <!-- method navigator-link -->
                      </span>
                      <br/>
                      <span>
                        <img src="passed.png" width="3%"/>
                        <a href="#" panel-name="suite-Opencart_App_Test_Regression_Suite" title="com.qa.opencart.test.ProductInfoPageTest" class="method navigator-link" hash-for-method="productHeaderTest(Samsung, Samsung SyncMaster 941BW)">productHeaderTest(Samsung, Samsung SyncMaster 941BW)</a> <!-- method navigator-link -->
                      </span>
                      <br/>
                      <span>
                        <img src="passed.png" width="3%"/>
                        <a href="#" panel-name="suite-Opencart_App_Test_Regression_Suite" title="com.qa.opencart.test.ProductInfoPageTest" class="method navigator-link" hash-for-method="productHeaderTest(Samsung, Samsung Galaxy Tab 10.1)">productHeaderTest(Samsung, Samsung Galaxy Tab 10.1)</a> <!-- method navigator-link -->
                      </span>
                      <br/>
                      <span>
                        <img src="passed.png" width="3%"/>
                        <a href="#" panel-name="suite-Opencart_App_Test_Regression_Suite" title="com.qa.opencart.test.ProductInfoPageTest" class="method navigator-link" hash-for-method="productInfoTest">productInfoTest</a> <!-- method navigator-link -->
                      </span>
                      <br/>
                      <span>
                        <img src="passed.png" width="3%"/>
                        <a href="#" panel-name="suite-Opencart_App_Test_Regression_Suite" title="com.qa.opencart.test.HomePageTest" class="method navigator-link" hash-for-method="searchTest(nokia, 0)">searchTest(nokia, 0)</a> <!-- method navigator-link -->
                      </span>
                      <br/>
                      <span>
                        <img src="passed.png" width="3%"/>
                        <a href="#" panel-name="suite-Opencart_App_Test_Regression_Suite" title="com.qa.opencart.test.HomePageTest" class="method navigator-link" hash-for-method="searchTest(canon, 1)">searchTest(canon, 1)</a> <!-- method navigator-link -->
                      </span>
                      <br/>
                      <span>
                        <img src="passed.png" width="3%"/>
                        <a href="#" panel-name="suite-Opencart_App_Test_Regression_Suite" title="com.qa.opencart.test.HomePageTest" class="method navigator-link" hash-for-method="searchTest(imac, 1)">searchTest(imac, 1)</a> <!-- method navigator-link -->
                      </span>
                      <br/>
                      <span>
                        <img src="passed.png" width="3%"/>
                        <a href="#" panel-name="suite-Opencart_App_Test_Regression_Suite" title="com.qa.opencart.test.HomePageTest" class="method navigator-link" hash-for-method="searchTest(apple, 1)">searchTest(apple, 1)</a> <!-- method navigator-link -->
                      </span>
                      <br/>
                      <span>
                        <img src="passed.png" width="3%"/>
                        <a href="#" panel-name="suite-Opencart_App_Test_Regression_Suite" title="com.qa.opencart.test.HomePageTest" class="method navigator-link" hash-for-method="searchTest(samsung, 2)">searchTest(samsung, 2)</a> <!-- method navigator-link -->
                      </span>
                      <br/>
                    </div> <!-- method-list-content passed suite-Opencart_App_Test_Regression_Suite -->
                  </li>
                </ul>
              </div> <!-- suite-section-content -->
            </div> <!-- result-section -->
          </div> <!-- navigator-suite-content -->
        </div> <!-- rounded-window -->
      </div> <!-- suite -->
    </div> <!-- navigator-root -->
    <div class="wrapper">
      <div class="main-panel-root">
        <div panel-name="suite-Opencart_App_Test_Regression_Suite" class="panel Opencart_App_Test_Regression_Suite">
          <div class="suite-Opencart_App_Test_Regression_Suite-class-failed">
            <div class="main-panel-header rounded-window-top">
              <img src="failed.png"/>
              <span class="class-name">com.qa.opencart.test.HomePageTest</span>
            </div> <!-- main-panel-header rounded-window-top -->
            <div class="main-panel-content rounded-window-bottom">
              <div class="method">
                <div class="method-content">
                  <a name="searchTest(macbook, 4)">
                  </a> <!-- searchTest(macbook, 4) -->
                  <span class="method-name">searchTest</span>
                  <span class="parameters">(macbook,4)</span>
                  <div class="stack-trace">java.lang.AssertionError: expected [4] but found [3]
	at org.testng.Assert.fail(Assert.java:111)
	at org.testng.Assert.failNotEquals(Assert.java:1578)
	at org.testng.Assert.assertEqualsImpl(Assert.java:150)
	at org.testng.Assert.assertEquals(Assert.java:132)
	at org.testng.Assert.assertEquals(Assert.java:1419)
	at org.testng.Assert.assertEquals(Assert.java:1383)
	at org.testng.Assert.assertEquals(Assert.java:1429)
	at com.qa.opencart.test.HomePageTest.searchTest(HomePageTest.java:56)
	at java.base/jdk.internal.reflect.DirectMethodHandleAccessor.invoke(DirectMethodHandleAccessor.java:103)
	at java.base/java.lang.reflect.Method.invoke(Method.java:580)
	at org.testng.internal.invokers.MethodInvocationHelper.invokeMethod(MethodInvocationHelper.java:139)
	at org.testng.internal.invokers.TestInvoker.invokeMethod(TestInvoker.java:664)
	at org.testng.internal.invokers.TestInvoker.retryFailed(TestInvoker.java:248)
	at org.testng.internal.invokers.MethodRunner.runInSequence(MethodRunner.java:62)
	at org.testng.internal.invokers.TestInvoker$MethodInvocationAgent.invoke(TestInvoker.java:957)
	at org.testng.internal.invokers.TestInvoker.invokeTestMethods(TestInvoker.java:200)
	at org.testng.internal.invokers.TestMethodWorker.invokeTestMethods(TestMethodWorker.java:148)
	at org.testng.internal.invokers.TestMethodWorker.run(TestMethodWorker.java:128)
	at java.base/java.util.ArrayList.forEach(ArrayList.java:1596)
	at org.testng.TestRunner.privateRun(TestRunner.java:848)
	at org.testng.TestRunner.run(TestRunner.java:621)
	at org.testng.SuiteRunner.runTest(SuiteRunner.java:443)
	at org.testng.SuiteRunner$SuiteWorker.run(SuiteRunner.java:481)
	at org.testng.internal.thread.ThreadUtil.lambda$execute$0(ThreadUtil.java:58)
	at java.base/java.util.concurrent.FutureTask.run(FutureTask.java:317)
	at java.base/java.util.concurrent.ThreadPoolExecutor.runWorker(ThreadPoolExecutor.java:1144)
	at java.base/java.util.concurrent.ThreadPoolExecutor$Worker.run(ThreadPoolExecutor.java:642)
	at java.base/java.lang.Thread.run(Thread.java:1583)

</div> <!-- stack-trace -->
                </div> <!-- method-content -->
              </div> <!-- method -->
            </div> <!-- main-panel-content rounded-window-bottom -->
          </div> <!-- suite-Opencart_App_Test_Regression_Suite-class-failed -->
          <div class="suite-Opencart_App_Test_Regression_Suite-class-skipped">
            <div class="main-panel-header rounded-window-top">
              <img src="skipped.png"/>
              <span class="class-name">com.qa.opencart.test.HomePageTest</span>
            </div> <!-- main-panel-header rounded-window-top -->
            <div class="main-panel-content rounded-window-bottom">
              <div class="method">
                <div class="method-content">
                  <a name="searchTest(macbook, 4)">
                  </a> <!-- searchTest(macbook, 4) -->
                  <span class="method-name">searchTest</span>
                  <span class="parameters">(macbook,4)</span>
                  <div class="stack-trace">java.lang.AssertionError: expected [4] but found [3]
	at org.testng.Assert.fail(Assert.java:111)
	at org.testng.Assert.failNotEquals(Assert.java:1578)
	at org.testng.Assert.assertEqualsImpl(Assert.java:150)
	at org.testng.Assert.assertEquals(Assert.java:132)
	at org.testng.Assert.assertEquals(Assert.java:1419)
	at org.testng.Assert.assertEquals(Assert.java:1383)
	at org.testng.Assert.assertEquals(Assert.java:1429)
	at com.qa.opencart.test.HomePageTest.searchTest(HomePageTest.java:56)
	at java.base/jdk.internal.reflect.DirectMethodHandleAccessor.invoke(DirectMethodHandleAccessor.java:103)
	at java.base/java.lang.reflect.Method.invoke(Method.java:580)
	at org.testng.internal.invokers.MethodInvocationHelper.invokeMethod(MethodInvocationHelper.java:139)
	at org.testng.internal.invokers.TestInvoker.invokeMethod(TestInvoker.java:664)
	at org.testng.internal.invokers.TestInvoker.retryFailed(TestInvoker.java:248)
	at org.testng.internal.invokers.MethodRunner.runInSequence(MethodRunner.java:62)
	at org.testng.internal.invokers.TestInvoker$MethodInvocationAgent.invoke(TestInvoker.java:957)
	at org.testng.internal.invokers.TestInvoker.invokeTestMethods(TestInvoker.java:200)
	at org.testng.internal.invokers.TestMethodWorker.invokeTestMethods(TestMethodWorker.java:148)
	at org.testng.internal.invokers.TestMethodWorker.run(TestMethodWorker.java:128)
	at java.base/java.util.ArrayList.forEach(ArrayList.java:1596)
	at org.testng.TestRunner.privateRun(TestRunner.java:848)
	at org.testng.TestRunner.run(TestRunner.java:621)
	at org.testng.SuiteRunner.runTest(SuiteRunner.java:443)
	at org.testng.SuiteRunner$SuiteWorker.run(SuiteRunner.java:481)
	at org.testng.internal.thread.ThreadUtil.lambda$execute$0(ThreadUtil.java:58)
	at java.base/java.util.concurrent.FutureTask.run(FutureTask.java:317)
	at java.base/java.util.concurrent.ThreadPoolExecutor.runWorker(ThreadPoolExecutor.java:1144)
	at java.base/java.util.concurrent.ThreadPoolExecutor$Worker.run(ThreadPoolExecutor.java:642)
	at java.base/java.lang.Thread.run(Thread.java:1583)

</div> <!-- stack-trace -->
                </div> <!-- method-content -->
              </div> <!-- method -->
              <div class="method">
                <div class="method-content">
                  <a name="searchTest(macbook, 4)">
                  </a> <!-- searchTest(macbook, 4) -->
                  <span class="method-name">searchTest</span>
                  <span class="parameters">(macbook,4)</span>
                  <div class="stack-trace">java.lang.AssertionError: expected [4] but found [3]
	at org.testng.Assert.fail(Assert.java:111)
	at org.testng.Assert.failNotEquals(Assert.java:1578)
	at org.testng.Assert.assertEqualsImpl(Assert.java:150)
	at org.testng.Assert.assertEquals(Assert.java:132)
	at org.testng.Assert.assertEquals(Assert.java:1419)
	at org.testng.Assert.assertEquals(Assert.java:1383)
	at org.testng.Assert.assertEquals(Assert.java:1429)
	at com.qa.opencart.test.HomePageTest.searchTest(HomePageTest.java:56)
	at java.base/jdk.internal.reflect.DirectMethodHandleAccessor.invoke(DirectMethodHandleAccessor.java:103)
	at java.base/java.lang.reflect.Method.invoke(Method.java:580)
	at org.testng.internal.invokers.MethodInvocationHelper.invokeMethod(MethodInvocationHelper.java:139)
	at org.testng.internal.invokers.TestInvoker.invokeMethod(TestInvoker.java:664)
	at org.testng.internal.invokers.TestInvoker.invokeTestMethod(TestInvoker.java:227)
	at org.testng.internal.invokers.MethodRunner.runInSequence(MethodRunner.java:50)
	at org.testng.internal.invokers.TestInvoker$MethodInvocationAgent.invoke(TestInvoker.java:957)
	at org.testng.internal.invokers.TestInvoker.invokeTestMethods(TestInvoker.java:200)
	at org.testng.internal.invokers.TestMethodWorker.invokeTestMethods(TestMethodWorker.java:148)
	at org.testng.internal.invokers.TestMethodWorker.run(TestMethodWorker.java:128)
	at java.base/java.util.ArrayList.forEach(ArrayList.java:1596)
	at org.testng.TestRunner.privateRun(TestRunner.java:848)
	at org.testng.TestRunner.run(TestRunner.java:621)
	at org.testng.SuiteRunner.runTest(SuiteRunner.java:443)
	at org.testng.SuiteRunner$SuiteWorker.run(SuiteRunner.java:481)
	at org.testng.internal.thread.ThreadUtil.lambda$execute$0(ThreadUtil.java:58)
	at java.base/java.util.concurrent.FutureTask.run(FutureTask.java:317)
	at java.base/java.util.concurrent.ThreadPoolExecutor.runWorker(ThreadPoolExecutor.java:1144)
	at java.base/java.util.concurrent.ThreadPoolExecutor$Worker.run(ThreadPoolExecutor.java:642)
	at java.base/java.lang.Thread.run(Thread.java:1583)

</div> <!-- stack-trace -->
                </div> <!-- method-content -->
              </div> <!-- method -->
              <div class="method">
                <div class="method-content">
                  <a name="searchTest(macbook, 4)">
                  </a> <!-- searchTest(macbook, 4) -->
                  <span class="method-name">searchTest</span>
                  <span class="parameters">(macbook,4)</span>
                  <div class="stack-trace">java.lang.AssertionError: expected [4] but found [3]
	at org.testng.Assert.fail(Assert.java:111)
	at org.testng.Assert.failNotEquals(Assert.java:1578)
	at org.testng.Assert.assertEqualsImpl(Assert.java:150)
	at org.testng.Assert.assertEquals(Assert.java:132)
	at org.testng.Assert.assertEquals(Assert.java:1419)
	at org.testng.Assert.assertEquals(Assert.java:1383)
	at org.testng.Assert.assertEquals(Assert.java:1429)
	at com.qa.opencart.test.HomePageTest.searchTest(HomePageTest.java:56)
	at java.base/jdk.internal.reflect.DirectMethodHandleAccessor.invoke(DirectMethodHandleAccessor.java:103)
	at java.base/java.lang.reflect.Method.invoke(Method.java:580)
	at org.testng.internal.invokers.MethodInvocationHelper.invokeMethod(MethodInvocationHelper.java:139)
	at org.testng.internal.invokers.TestInvoker.invokeMethod(TestInvoker.java:664)
	at org.testng.internal.invokers.TestInvoker.retryFailed(TestInvoker.java:248)
	at org.testng.internal.invokers.MethodRunner.runInSequence(MethodRunner.java:62)
	at org.testng.internal.invokers.TestInvoker$MethodInvocationAgent.invoke(TestInvoker.java:957)
	at org.testng.internal.invokers.TestInvoker.invokeTestMethods(TestInvoker.java:200)
	at org.testng.internal.invokers.TestMethodWorker.invokeTestMethods(TestMethodWorker.java:148)
	at org.testng.internal.invokers.TestMethodWorker.run(TestMethodWorker.java:128)
	at java.base/java.util.ArrayList.forEach(ArrayList.java:1596)
	at org.testng.TestRunner.privateRun(TestRunner.java:848)
	at org.testng.TestRunner.run(TestRunner.java:621)
	at org.testng.SuiteRunner.runTest(SuiteRunner.java:443)
	at org.testng.SuiteRunner$SuiteWorker.run(SuiteRunner.java:481)
	at org.testng.internal.thread.ThreadUtil.lambda$execute$0(ThreadUtil.java:58)
	at java.base/java.util.concurrent.FutureTask.run(FutureTask.java:317)
	at java.base/java.util.concurrent.ThreadPoolExecutor.runWorker(ThreadPoolExecutor.java:1144)
	at java.base/java.util.concurrent.ThreadPoolExecutor$Worker.run(ThreadPoolExecutor.java:642)
	at java.base/java.lang.Thread.run(Thread.java:1583)

</div> <!-- stack-trace -->
                </div> <!-- method-content -->
              </div> <!-- method -->
            </div> <!-- main-panel-content rounded-window-bottom -->
          </div> <!-- suite-Opencart_App_Test_Regression_Suite-class-skipped -->
          <div class="suite-Opencart_App_Test_Regression_Suite-class-passed">
            <div class="main-panel-header rounded-window-top">
              <img src="passed.png"/>
              <span class="class-name">com.qa.opencart.test.ProductInfoPageTest</span>
            </div> <!-- main-panel-header rounded-window-top -->
            <div class="main-panel-content rounded-window-bottom">
              <div class="method">
                <div class="method-content">
                  <a name="productHeaderImageTest(macbook, MacBook Air, 4)">
                  </a> <!-- productHeaderImageTest(macbook, MacBook Air, 4) -->
                  <span class="method-name">productHeaderImageTest</span>
                  <span class="parameters">(macbook,MacBook Air,4)</span>
                </div> <!-- method-content -->
              </div> <!-- method -->
              <div class="method">
                <div class="method-content">
                  <a name="productHeaderImageTest(samsung, Samsung Galaxy Tab 10.1, 7)">
                  </a> <!-- productHeaderImageTest(samsung, Samsung Galaxy Tab 10.1, 7) -->
                  <span class="method-name">productHeaderImageTest</span>
                  <span class="parameters">(samsung,Samsung Galaxy Tab 10.1,7)</span>
                </div> <!-- method-content -->
              </div> <!-- method -->
              <div class="method">
                <div class="method-content">
                  <a name="productHeaderImageTest(imac, iMac, 3)">
                  </a> <!-- productHeaderImageTest(imac, iMac, 3) -->
                  <span class="method-name">productHeaderImageTest</span>
                  <span class="parameters">(imac,iMac,3)</span>
                </div> <!-- method-content -->
              </div> <!-- method -->
              <div class="method">
                <div class="method-content">
                  <a name="productHeaderImageTest(samsung, Samsung SyncMaster 941BW, 1)">
                  </a> <!-- productHeaderImageTest(samsung, Samsung SyncMaster 941BW, 1) -->
                  <span class="method-name">productHeaderImageTest</span>
                  <span class="parameters">(samsung,Samsung SyncMaster 941BW,1)</span>
                </div> <!-- method-content -->
              </div> <!-- method -->
              <div class="method">
                <div class="method-content">
                  <a name="productHeaderImageTest(macbook, MacBook Pro, 4)">
                  </a> <!-- productHeaderImageTest(macbook, MacBook Pro, 4) -->
                  <span class="method-name">productHeaderImageTest</span>
                  <span class="parameters">(macbook,MacBook Pro,4)</span>
                </div> <!-- method-content -->
              </div> <!-- method -->
              <div class="method">
                <div class="method-content">
                  <a name="productHeaderTest(Macbook, MacBook Pro)">
                  </a> <!-- productHeaderTest(Macbook, MacBook Pro) -->
                  <span class="method-name">productHeaderTest</span>
                  <span class="parameters">(Macbook,MacBook Pro)</span>
                </div> <!-- method-content -->
              </div> <!-- method -->
              <div class="method">
                <div class="method-content">
                  <a name="productHeaderTest(iMac, iMac)">
                  </a> <!-- productHeaderTest(iMac, iMac) -->
                  <span class="method-name">productHeaderTest</span>
                  <span class="parameters">(iMac,iMac)</span>
                </div> <!-- method-content -->
              </div> <!-- method -->
              <div class="method">
                <div class="method-content">
                  <a name="productHeaderTest(Samsung, Samsung SyncMaster 941BW)">
                  </a> <!-- productHeaderTest(Samsung, Samsung SyncMaster 941BW) -->
                  <span class="method-name">productHeaderTest</span>
                  <span class="parameters">(Samsung,Samsung SyncMaster 941BW)</span>
                </div> <!-- method-content -->
              </div> <!-- method -->
              <div class="method">
                <div class="method-content">
                  <a name="productHeaderTest(Samsung, Samsung Galaxy Tab 10.1)">
                  </a> <!-- productHeaderTest(Samsung, Samsung Galaxy Tab 10.1) -->
                  <span class="method-name">productHeaderTest</span>
                  <span class="parameters">(Samsung,Samsung Galaxy Tab 10.1)</span>
                </div> <!-- method-content -->
              </div> <!-- method -->
              <div class="method">
                <div class="method-content">
                  <a name="productInfoTest">
                  </a> <!-- productInfoTest -->
                  <span class="method-name">productInfoTest</span>
                </div> <!-- method-content -->
              </div> <!-- method -->
            </div> <!-- main-panel-content rounded-window-bottom -->
          </div> <!-- suite-Opencart_App_Test_Regression_Suite-class-passed -->
          <div class="suite-Opencart_App_Test_Regression_Suite-class-passed">
            <div class="main-panel-header rounded-window-top">
              <img src="passed.png"/>
              <span class="class-name">com.qa.opencart.test.LoginPageTest</span>
            </div> <!-- main-panel-header rounded-window-top -->
            <div class="main-panel-content rounded-window-bottom">
              <div class="method">
                <div class="method-content">
                  <a name="footerTest(Specials)">
                  </a> <!-- footerTest(Specials) -->
                  <span class="method-name">footerTest</span>
                  <span class="parameters">(Specials)</span>
                </div> <!-- method-content -->
              </div> <!-- method -->
              <div class="method">
                <div class="method-content">
                  <a name="footerTest(About Us)">
                  </a> <!-- footerTest(About Us) -->
                  <span class="method-name">footerTest</span>
                  <span class="parameters">(About Us)</span>
                </div> <!-- method-content -->
              </div> <!-- method -->
              <div class="method">
                <div class="method-content">
                  <a name="footerTest(Contact Us)">
                  </a> <!-- footerTest(Contact Us) -->
                  <span class="method-name">footerTest</span>
                  <span class="parameters">(Contact Us)</span>
                </div> <!-- method-content -->
              </div> <!-- method -->
              <div class="method">
                <div class="method-content">
                  <a name="footerTest(Brands)">
                  </a> <!-- footerTest(Brands) -->
                  <span class="method-name">footerTest</span>
                  <span class="parameters">(Brands)</span>
                </div> <!-- method-content -->
              </div> <!-- method -->
              <div class="method">
                <div class="method-content">
                  <a name="footerTest(Affiliate)">
                  </a> <!-- footerTest(Affiliate) -->
                  <span class="method-name">footerTest</span>
                  <span class="parameters">(Affiliate)</span>
                </div> <!-- method-content -->
              </div> <!-- method -->
              <div class="method">
                <div class="method-content">
                  <a name="footerTest(Gift Certificates)">
                  </a> <!-- footerTest(Gift Certificates) -->
                  <span class="method-name">footerTest</span>
                  <span class="parameters">(Gift Certificates)</span>
                </div> <!-- method-content -->
              </div> <!-- method -->
              <div class="method">
                <div class="method-content">
                  <a name="footerTest(Site Map)">
                  </a> <!-- footerTest(Site Map) -->
                  <span class="method-name">footerTest</span>
                  <span class="parameters">(Site Map)</span>
                </div> <!-- method-content -->
              </div> <!-- method -->
              <div class="method">
                <div class="method-content">
                  <a name="forgetLPwdLinkTest">
                  </a> <!-- forgetLPwdLinkTest -->
                  <span class="method-name">forgetLPwdLinkTest</span>
                </div> <!-- method-content -->
              </div> <!-- method -->
              <div class="method">
                <div class="method-content">
                  <a name="loginPageTitleTest">
                  </a> <!-- loginPageTitleTest -->
                  <span class="method-name">loginPageTitleTest</span>
                </div> <!-- method-content -->
              </div> <!-- method -->
              <div class="method">
                <div class="method-content">
                  <a name="loginPageUrlTest">
                  </a> <!-- loginPageUrlTest -->
                  <span class="method-name">loginPageUrlTest</span>
                </div> <!-- method-content -->
              </div> <!-- method -->
              <div class="method">
                <div class="method-content">
                  <a name="loginTest">
                  </a> <!-- loginTest -->
                  <span class="method-name">loginTest</span>
                </div> <!-- method-content -->
              </div> <!-- method -->
              <div class="method">
                <div class="method-content">
                  <a name="logoTest">
                  </a> <!-- logoTest -->
                  <span class="method-name">logoTest</span>
                </div> <!-- method-content -->
              </div> <!-- method -->
            </div> <!-- main-panel-content rounded-window-bottom -->
          </div> <!-- suite-Opencart_App_Test_Regression_Suite-class-passed -->
          <div class="suite-Opencart_App_Test_Regression_Suite-class-passed">
            <div class="main-panel-header rounded-window-top">
              <img src="passed.png"/>
              <span class="class-name">com.qa.opencart.test.HomePageTest</span>
            </div> <!-- main-panel-header rounded-window-top -->
            <div class="main-panel-content rounded-window-bottom">
              <div class="method">
                <div class="method-content">
                  <a name="headerTest">
                  </a> <!-- headerTest -->
                  <span class="method-name">headerTest</span>
                </div> <!-- method-content -->
              </div> <!-- method -->
              <div class="method">
                <div class="method-content">
                  <a name="homePageTitileTest">
                  </a> <!-- homePageTitileTest -->
                  <span class="method-name">homePageTitileTest</span>
                </div> <!-- method-content -->
              </div> <!-- method -->
              <div class="method">
                <div class="method-content">
                  <a name="homePageUrlTest">
                  </a> <!-- homePageUrlTest -->
                  <span class="method-name">homePageUrlTest</span>
                </div> <!-- method-content -->
              </div> <!-- method -->
              <div class="method">
                <div class="method-content">
                  <a name="logoutLinkExitsTest">
                  </a> <!-- logoutLinkExitsTest -->
                  <span class="method-name">logoutLinkExitsTest</span>
                </div> <!-- method-content -->
              </div> <!-- method -->
              <div class="method">
                <div class="method-content">
                  <a name="searchTest(nokia, 0)">
                  </a> <!-- searchTest(nokia, 0) -->
                  <span class="method-name">searchTest</span>
                  <span class="parameters">(nokia,0)</span>
                </div> <!-- method-content -->
              </div> <!-- method -->
              <div class="method">
                <div class="method-content">
                  <a name="searchTest(canon, 1)">
                  </a> <!-- searchTest(canon, 1) -->
                  <span class="method-name">searchTest</span>
                  <span class="parameters">(canon,1)</span>
                </div> <!-- method-content -->
              </div> <!-- method -->
              <div class="method">
                <div class="method-content">
                  <a name="searchTest(imac, 1)">
                  </a> <!-- searchTest(imac, 1) -->
                  <span class="method-name">searchTest</span>
                  <span class="parameters">(imac,1)</span>
                </div> <!-- method-content -->
              </div> <!-- method -->
              <div class="method">
                <div class="method-content">
                  <a name="searchTest(apple, 1)">
                  </a> <!-- searchTest(apple, 1) -->
                  <span class="method-name">searchTest</span>
                  <span class="parameters">(apple,1)</span>
                </div> <!-- method-content -->
              </div> <!-- method -->
              <div class="method">
                <div class="method-content">
                  <a name="searchTest(samsung, 2)">
                  </a> <!-- searchTest(samsung, 2) -->
                  <span class="method-name">searchTest</span>
                  <span class="parameters">(samsung,2)</span>
                </div> <!-- method-content -->
              </div> <!-- method -->
            </div> <!-- main-panel-content rounded-window-bottom -->
          </div> <!-- suite-Opencart_App_Test_Regression_Suite-class-passed -->
        </div> <!-- panel Opencart_App_Test_Regression_Suite -->
        <div panel-name="test-xml-Opencart_App_Test_Regression_Suite" class="panel">
          <div class="main-panel-header rounded-window-top">
            <span class="header-content">C:\Users\aayus\eclipse-workspace\Ecomerce_Design_Framework\src\test\resources\testrunner\testing_regression.xml</span>
          </div> <!-- main-panel-header rounded-window-top -->
          <div class="main-panel-content rounded-window-bottom">
            <pre>
&lt;?xml version=&quot;1.0&quot; encoding=&quot;UTF-8&quot;?&gt;
&lt;!DOCTYPE suite SYSTEM &quot;https://testng.org/testng-1.0.dtd&quot;&gt;
&lt;suite thread-count=&quot;3&quot; parallel=&quot;tests&quot; name=&quot;Opencart App Test Regression Suite&quot; verbose=&quot;4&quot;&gt;
  &lt;listeners&gt;
    &lt;listener class-name=&quot;com.aventstack.chaintest.plugins.ChainTestListener&quot;/&gt;
    &lt;listener class-name=&quot;com.qa.opencart.listener.TestAllureListener&quot;/&gt;
    &lt;listener class-name=&quot;com.qa.opencart.listener.AnnotationTransformer&quot;/&gt;
  &lt;/listeners&gt;
  &lt;test thread-count=&quot;3&quot; parallel=&quot;tests&quot; name=&quot;Login Page Test&quot; verbose=&quot;4&quot;&gt;
    &lt;parameter name=&quot;browser&quot; value=&quot;chrome&quot;/&gt;
    &lt;classes&gt;
      &lt;class name=&quot;com.qa.opencart.test.LoginPageTest&quot;/&gt;
    &lt;/classes&gt;
  &lt;/test&gt; &lt;!-- Login Page Test --&gt;
  &lt;test thread-count=&quot;3&quot; parallel=&quot;tests&quot; name=&quot;Home Page Test&quot; verbose=&quot;4&quot;&gt;
    &lt;parameter name=&quot;browser&quot; value=&quot;chrome&quot;/&gt;
    &lt;classes&gt;
      &lt;class name=&quot;com.qa.opencart.test.HomePageTest&quot;/&gt;
    &lt;/classes&gt;
  &lt;/test&gt; &lt;!-- Home Page Test --&gt;
  &lt;test thread-count=&quot;3&quot; parallel=&quot;tests&quot; name=&quot;Product Info Page Test&quot; verbose=&quot;4&quot;&gt;
    &lt;parameter name=&quot;browser&quot; value=&quot;chrome&quot;/&gt;
    &lt;classes&gt;
      &lt;class name=&quot;com.qa.opencart.test.ProductInfoPageTest&quot;/&gt;
    &lt;/classes&gt;
  &lt;/test&gt; &lt;!-- Product Info Page Test --&gt;
&lt;/suite&gt; &lt;!-- Opencart App Test Regression Suite --&gt;
            </pre>
          </div> <!-- main-panel-content rounded-window-bottom -->
        </div> <!-- panel -->
        <div panel-name="testlist-Opencart_App_Test_Regression_Suite" class="panel">
          <div class="main-panel-header rounded-window-top">
            <span class="header-content">Tests for Opencart App Test Regression Suite</span>
          </div> <!-- main-panel-header rounded-window-top -->
          <div class="main-panel-content rounded-window-bottom">
            <ul>
              <li>
                <span class="test-name">Login Page Test (1 class)</span>
              </li>
              <li>
                <span class="test-name">Home Page Test (1 class)</span>
              </li>
              <li>
                <span class="test-name">Product Info Page Test (1 class)</span>
              </li>
            </ul>
          </div> <!-- main-panel-content rounded-window-bottom -->
        </div> <!-- panel -->
        <div panel-name="group-Opencart_App_Test_Regression_Suite" class="panel">
          <div class="main-panel-header rounded-window-top">
            <span class="header-content">Groups for Opencart App Test Regression Suite</span>
          </div> <!-- main-panel-header rounded-window-top -->
          <div class="main-panel-content rounded-window-bottom">
          </div> <!-- main-panel-content rounded-window-bottom -->
        </div> <!-- panel -->
        <div panel-name="times-Opencart_App_Test_Regression_Suite" class="panel">
          <div class="main-panel-header rounded-window-top">
            <span class="header-content">Times for Opencart App Test Regression Suite</span>
          </div> <!-- main-panel-header rounded-window-top -->
          <div class="main-panel-content rounded-window-bottom">
            <div class="times-div">
              <script type="text/javascript">
suiteTableInitFunctions.push('tableData_Opencart_App_Test_Regression_Suite');
function tableData_Opencart_App_Test_Regression_Suite() {
var data = new google.visualization.DataTable();
data.addColumn('number', 'Number');
data.addColumn('string', 'Method');
data.addColumn('string', 'Class');
data.addColumn('number', 'Time (ms)');
data.addRows(35);
data.setCell(0, 0, 0)
data.setCell(0, 1, 'searchTest')
data.setCell(0, 2, 'com.qa.opencart.test.HomePageTest')
data.setCell(0, 3, 10935);
data.setCell(1, 0, 1)
data.setCell(1, 1, 'productHeaderImageTest')
data.setCell(1, 2, 'com.qa.opencart.test.ProductInfoPageTest')
data.setCell(1, 3, 3259);
data.setCell(2, 0, 2)
data.setCell(2, 1, 'productHeaderImageTest')
data.setCell(2, 2, 'com.qa.opencart.test.ProductInfoPageTest')
data.setCell(2, 3, 2045);
data.setCell(3, 0, 3)
data.setCell(3, 1, 'productHeaderImageTest')
data.setCell(3, 2, 'com.qa.opencart.test.ProductInfoPageTest')
data.setCell(3, 3, 1987);
data.setCell(4, 0, 4)
data.setCell(4, 1, 'productHeaderImageTest')
data.setCell(4, 2, 'com.qa.opencart.test.ProductInfoPageTest')
data.setCell(4, 3, 1693);
data.setCell(5, 0, 5)
data.setCell(5, 1, 'productHeaderImageTest')
data.setCell(5, 2, 'com.qa.opencart.test.ProductInfoPageTest')
data.setCell(5, 3, 1664);
data.setCell(6, 0, 6)
data.setCell(6, 1, 'loginTest')
data.setCell(6, 2, 'com.qa.opencart.test.LoginPageTest')
data.setCell(6, 3, 1580);
data.setCell(7, 0, 7)
data.setCell(7, 1, 'headerTest')
data.setCell(7, 2, 'com.qa.opencart.test.HomePageTest')
data.setCell(7, 3, 1465);
data.setCell(8, 0, 8)
data.setCell(8, 1, 'productInfoTest')
data.setCell(8, 2, 'com.qa.opencart.test.ProductInfoPageTest')
data.setCell(8, 3, 1446);
data.setCell(9, 0, 9)
data.setCell(9, 1, 'productHeaderTest')
data.setCell(9, 2, 'com.qa.opencart.test.ProductInfoPageTest')
data.setCell(9, 3, 1402);
data.setCell(10, 0, 10)
data.setCell(10, 1, 'productHeaderTest')
data.setCell(10, 2, 'com.qa.opencart.test.ProductInfoPageTest')
data.setCell(10, 3, 1402);
data.setCell(11, 0, 11)
data.setCell(11, 1, 'productHeaderTest')
data.setCell(11, 2, 'com.qa.opencart.test.ProductInfoPageTest')
data.setCell(11, 3, 1289);
data.setCell(12, 0, 12)
data.setCell(12, 1, 'productHeaderTest')
data.setCell(12, 2, 'com.qa.opencart.test.ProductInfoPageTest')
data.setCell(12, 3, 1277);
data.setCell(13, 0, 13)
data.setCell(13, 1, 'searchTest')
data.setCell(13, 2, 'com.qa.opencart.test.HomePageTest')
data.setCell(13, 3, 1161);
data.setCell(14, 0, 14)
data.setCell(14, 1, 'searchTest')
data.setCell(14, 2, 'com.qa.opencart.test.HomePageTest')
data.setCell(14, 3, 1044);
data.setCell(15, 0, 15)
data.setCell(15, 1, 'searchTest')
data.setCell(15, 2, 'com.qa.opencart.test.HomePageTest')
data.setCell(15, 3, 1017);
data.setCell(16, 0, 16)
data.setCell(16, 1, 'searchTest')
data.setCell(16, 2, 'com.qa.opencart.test.HomePageTest')
data.setCell(16, 3, 1015);
data.setCell(17, 0, 17)
data.setCell(17, 1, 'searchTest')
data.setCell(17, 2, 'com.qa.opencart.test.HomePageTest')
data.setCell(17, 3, 1014);
data.setCell(18, 0, 18)
data.setCell(18, 1, 'searchTest')
data.setCell(18, 2, 'com.qa.opencart.test.HomePageTest')
data.setCell(18, 3, 727);
data.setCell(19, 0, 19)
data.setCell(19, 1, 'searchTest')
data.setCell(19, 2, 'com.qa.opencart.test.HomePageTest')
data.setCell(19, 3, 692);
data.setCell(20, 0, 20)
data.setCell(20, 1, 'searchTest')
data.setCell(20, 2, 'com.qa.opencart.test.HomePageTest')
data.setCell(20, 3, 665);
data.setCell(21, 0, 21)
data.setCell(21, 1, 'footerTest')
data.setCell(21, 2, 'com.qa.opencart.test.LoginPageTest')
data.setCell(21, 3, 194);
data.setCell(22, 0, 22)
data.setCell(22, 1, 'footerTest')
data.setCell(22, 2, 'com.qa.opencart.test.LoginPageTest')
data.setCell(22, 3, 190);
data.setCell(23, 0, 23)
data.setCell(23, 1, 'footerTest')
data.setCell(23, 2, 'com.qa.opencart.test.LoginPageTest')
data.setCell(23, 3, 185);
data.setCell(24, 0, 24)
data.setCell(24, 1, 'footerTest')
data.setCell(24, 2, 'com.qa.opencart.test.LoginPageTest')
data.setCell(24, 3, 184);
data.setCell(25, 0, 25)
data.setCell(25, 1, 'footerTest')
data.setCell(25, 2, 'com.qa.opencart.test.LoginPageTest')
data.setCell(25, 3, 180);
data.setCell(26, 0, 26)
data.setCell(26, 1, 'footerTest')
data.setCell(26, 2, 'com.qa.opencart.test.LoginPageTest')
data.setCell(26, 3, 178);
data.setCell(27, 0, 27)
data.setCell(27, 1, 'footerTest')
data.setCell(27, 2, 'com.qa.opencart.test.LoginPageTest')
data.setCell(27, 3, 153);
data.setCell(28, 0, 28)
data.setCell(28, 1, 'logoutLinkExitsTest')
data.setCell(28, 2, 'com.qa.opencart.test.HomePageTest')
data.setCell(28, 3, 50);
data.setCell(29, 0, 29)
data.setCell(29, 1, 'forgetLPwdLinkTest')
data.setCell(29, 2, 'com.qa.opencart.test.LoginPageTest')
data.setCell(29, 3, 45);
data.setCell(30, 0, 30)
data.setCell(30, 1, 'logoTest')
data.setCell(30, 2, 'com.qa.opencart.test.LoginPageTest')
data.setCell(30, 3, 26);
data.setCell(31, 0, 31)
data.setCell(31, 1, 'homePageTitileTest')
data.setCell(31, 2, 'com.qa.opencart.test.HomePageTest')
data.setCell(31, 3, 23);
data.setCell(32, 0, 32)
data.setCell(32, 1, 'homePageUrlTest')
data.setCell(32, 2, 'com.qa.opencart.test.HomePageTest')
data.setCell(32, 3, 21);
data.setCell(33, 0, 33)
data.setCell(33, 1, 'loginPageTitleTest')
data.setCell(33, 2, 'com.qa.opencart.test.LoginPageTest')
data.setCell(33, 3, 19);
data.setCell(34, 0, 34)
data.setCell(34, 1, 'loginPageUrlTest')
data.setCell(34, 2, 'com.qa.opencart.test.LoginPageTest')
data.setCell(34, 3, 11);
window.suiteTableData['Opencart_App_Test_Regression_Suite']= { tableData: data, tableDiv: 'times-div-Opencart_App_Test_Regression_Suite'}
return data;
}
              </script>
              <span class="suite-total-time">Total running time: 27 seconds</span>
              <div id="times-div-Opencart_App_Test_Regression_Suite">
              </div> <!-- times-div-Opencart_App_Test_Regression_Suite -->
            </div> <!-- times-div -->
          </div> <!-- main-panel-content rounded-window-bottom -->
        </div> <!-- panel -->
        <div panel-name="reporter-Opencart_App_Test_Regression_Suite" class="panel">
          <div class="main-panel-header rounded-window-top">
            <span class="header-content">Reporter output for Opencart App Test Regression Suite</span>
          </div> <!-- main-panel-header rounded-window-top -->
          <div class="main-panel-content rounded-window-bottom">
          </div> <!-- main-panel-content rounded-window-bottom -->
        </div> <!-- panel -->
        <div panel-name="ignored-methods-Opencart_App_Test_Regression_Suite" class="panel">
          <div class="main-panel-header rounded-window-top">
            <span class="header-content">0 ignored methods</span>
          </div> <!-- main-panel-header rounded-window-top -->
          <div class="main-panel-content rounded-window-bottom">
          </div> <!-- main-panel-content rounded-window-bottom -->
        </div> <!-- panel -->
        <div panel-name="chronological-Opencart_App_Test_Regression_Suite" class="panel">
          <div class="main-panel-header rounded-window-top">
            <span class="header-content">Methods in chronological order</span>
          </div> <!-- main-panel-header rounded-window-top -->
          <div class="main-panel-content rounded-window-bottom">
            <div class="chronological-class">
              <div class="chronological-class-name">com.qa.opencart.test.LoginPageTest</div> <!-- chronological-class-name -->
              <div class="configuration-class before">
                <span class="method-name">setup(chrome)</span>
                <span class="method-start">0 ms</span>
              </div> <!-- configuration-class before -->
            </div> <!-- chronological-class -->
            <div class="chronological-class">
              <div class="chronological-class-name">com.qa.opencart.test.HomePageTest</div> <!-- chronological-class-name -->
              <div class="configuration-class before">
                <span class="method-name">setup(chrome)</span>
                <span class="method-start">0 ms</span>
              </div> <!-- configuration-class before -->
            </div> <!-- chronological-class -->
            <div class="chronological-class">
              <div class="chronological-class-name">com.qa.opencart.test.ProductInfoPageTest</div> <!-- chronological-class-name -->
              <div class="configuration-class before">
                <span class="method-name">setup(chrome)</span>
                <span class="method-start">0 ms</span>
              </div> <!-- configuration-class before -->
            </div> <!-- chronological-class -->
            <div class="chronological-class">
              <div class="chronological-class-name">com.qa.opencart.test.HomePageTest</div> <!-- chronological-class-name -->
              <div class="configuration-class before">
                <span class="method-name">homePageSetup</span>
                <span class="method-start">6586 ms</span>
              </div> <!-- configuration-class before -->
            </div> <!-- chronological-class -->
            <div class="chronological-class">
              <div class="chronological-class-name">com.qa.opencart.test.ProductInfoPageTest</div> <!-- chronological-class-name -->
              <div class="configuration-class before">
                <span class="method-name">homePageSetup</span>
                <span class="method-start">6586 ms</span>
              </div> <!-- configuration-class before -->
            </div> <!-- chronological-class -->
            <div class="chronological-class">
              <div class="chronological-class-name">com.qa.opencart.test.HomePageTest</div> <!-- chronological-class-name -->
              <div class="test-method">
                <span class="method-name">headerTest</span>
                <span class="method-start">6832 ms</span>
              </div> <!-- test-method -->
            </div> <!-- chronological-class -->
            <div class="chronological-class">
              <div class="chronological-class-name">com.qa.opencart.test.LoginPageTest</div> <!-- chronological-class-name -->
              <div class="test-method">
                <span class="method-name">footerTest(About Us)</span>
                <span class="method-start">6941 ms</span>
              </div> <!-- test-method -->
              <div class="configuration-method after">
                <span class="method-name">attachScreenshot([TestResult name=footerTest status=SUCCESS method=LoginPageTest.footerTest(java.lang.String)[pri:0, ...)</span>
                <span class="method-start">7370 ms</span>
              </div> <!-- configuration-method after -->
              <div class="test-method">
                <span class="method-name">footerTest(Brands)</span>
                <span class="method-start">7397 ms</span>
              </div> <!-- test-method -->
              <div class="configuration-method after">
                <span class="method-name">attachScreenshot([TestResult name=footerTest status=SUCCESS method=LoginPageTest.footerTest(java.lang.String)[pri:0, ...)</span>
                <span class="method-start">7585 ms</span>
              </div> <!-- configuration-method after -->
              <div class="test-method">
                <span class="method-name">footerTest(Gift Certificates)</span>
                <span class="method-start">7588 ms</span>
              </div> <!-- test-method -->
              <div class="configuration-method after">
                <span class="method-name">attachScreenshot([TestResult name=footerTest status=SUCCESS method=LoginPageTest.footerTest(java.lang.String)[pri:0, ...)</span>
                <span class="method-start">7771 ms</span>
              </div> <!-- configuration-method after -->
              <div class="test-method">
                <span class="method-name">footerTest(Contact Us)</span>
                <span class="method-start">7775 ms</span>
              </div> <!-- test-method -->
              <div class="configuration-method after">
                <span class="method-name">attachScreenshot([TestResult name=footerTest status=SUCCESS method=LoginPageTest.footerTest(java.lang.String)[pri:0, ...)</span>
                <span class="method-start">7973 ms</span>
              </div> <!-- configuration-method after -->
              <div class="test-method">
                <span class="method-name">footerTest(Site Map)</span>
                <span class="method-start">7977 ms</span>
              </div> <!-- test-method -->
            </div> <!-- chronological-class -->
            <div class="chronological-class">
              <div class="chronological-class-name">com.qa.opencart.test.ProductInfoPageTest</div> <!-- chronological-class-name -->
              <div class="test-method">
                <span class="method-name">productHeaderImageTest(macbook, MacBook Pro, 4)</span>
                <span class="method-start">8128 ms</span>
              </div> <!-- test-method -->
            </div> <!-- chronological-class -->
            <div class="chronological-class">
              <div class="chronological-class-name">com.qa.opencart.test.LoginPageTest</div> <!-- chronological-class-name -->
              <div class="configuration-method after">
                <span class="method-name">attachScreenshot([TestResult name=footerTest status=SUCCESS method=LoginPageTest.footerTest(java.lang.String)[pri:0, ...)</span>
                <span class="method-start">8160 ms</span>
              </div> <!-- configuration-method after -->
              <div class="test-method">
                <span class="method-name">footerTest(Specials)</span>
                <span class="method-start">8164 ms</span>
              </div> <!-- test-method -->
            </div> <!-- chronological-class -->
            <div class="chronological-class">
              <div class="chronological-class-name">com.qa.opencart.test.HomePageTest</div> <!-- chronological-class-name -->
              <div class="configuration-method after">
                <span class="method-name">attachScreenshot([TestResult name=headerTest status=SUCCESS method=HomePageTest.headerTest()[pri:0, instance:com.qa.o...)</span>
                <span class="method-start">8302 ms</span>
              </div> <!-- configuration-method after -->
              <div class="test-method">
                <span class="method-name">homePageTitileTest</span>
                <span class="method-start">8310 ms</span>
              </div> <!-- test-method -->
              <div class="configuration-method after">
                <span class="method-name">attachScreenshot([TestResult name=homePageTitileTest status=SUCCESS method=HomePageTest.homePageTitileTest()[pri:0, i...)</span>
                <span class="method-start">8341 ms</span>
              </div> <!-- configuration-method after -->
              <div class="test-method">
                <span class="method-name">homePageUrlTest</span>
                <span class="method-start">8347 ms</span>
              </div> <!-- test-method -->
            </div> <!-- chronological-class -->
            <div class="chronological-class">
              <div class="chronological-class-name">com.qa.opencart.test.LoginPageTest</div> <!-- chronological-class-name -->
              <div class="configuration-method after">
                <span class="method-name">attachScreenshot([TestResult name=footerTest status=SUCCESS method=LoginPageTest.footerTest(java.lang.String)[pri:0, ...)</span>
                <span class="method-start">8358 ms</span>
              </div> <!-- configuration-method after -->
              <div class="test-method">
                <span class="method-name">footerTest(Affiliate)</span>
                <span class="method-start">8360 ms</span>
              </div> <!-- test-method -->
            </div> <!-- chronological-class -->
            <div class="chronological-class">
              <div class="chronological-class-name">com.qa.opencart.test.HomePageTest</div> <!-- chronological-class-name -->
              <div class="configuration-method after">
                <span class="method-name">attachScreenshot([TestResult name=homePageUrlTest status=SUCCESS method=HomePageTest.homePageUrlTest()[pri:0, instanc...)</span>
                <span class="method-start">8372 ms</span>
              </div> <!-- configuration-method after -->
              <div class="test-method">
                <span class="method-name">logoutLinkExitsTest</span>
                <span class="method-start">8376 ms</span>
              </div> <!-- test-method -->
              <div class="configuration-method after">
                <span class="method-name">attachScreenshot([TestResult name=logoutLinkExitsTest status=SUCCESS method=HomePageTest.logoutLinkExitsTest()[pri:0,...)</span>
                <span class="method-start">8429 ms</span>
              </div> <!-- configuration-method after -->
              <div class="test-method">
                <span class="method-name">searchTest(macbook, 4)</span>
                <span class="method-start">8433 ms</span>
              </div> <!-- test-method -->
            </div> <!-- chronological-class -->
            <div class="chronological-class">
              <div class="chronological-class-name">com.qa.opencart.test.LoginPageTest</div> <!-- chronological-class-name -->
              <div class="configuration-method after">
                <span class="method-name">attachScreenshot([TestResult name=footerTest status=SUCCESS method=LoginPageTest.footerTest(java.lang.String)[pri:0, ...)</span>
                <span class="method-start">8513 ms</span>
              </div> <!-- configuration-method after -->
              <div class="test-method">
                <span class="method-name">forgetLPwdLinkTest</span>
                <span class="method-start">8520 ms</span>
              </div> <!-- test-method -->
              <div class="configuration-method after">
                <span class="method-name">attachScreenshot([TestResult name=forgetLPwdLinkTest status=SUCCESS method=LoginPageTest.forgetLPwdLinkTest()[pri:0, ...)</span>
                <span class="method-start">8570 ms</span>
              </div> <!-- configuration-method after -->
              <div class="test-method">
                <span class="method-name">loginPageTitleTest</span>
                <span class="method-start">8573 ms</span>
              </div> <!-- test-method -->
              <div class="configuration-method after">
                <span class="method-name">attachScreenshot([TestResult name=loginPageTitleTest status=SUCCESS method=LoginPageTest.loginPageTitleTest()[pri:0, ...)</span>
                <span class="method-start">8600 ms</span>
              </div> <!-- configuration-method after -->
              <div class="test-method">
                <span class="method-name">loginPageUrlTest</span>
                <span class="method-start">8603 ms</span>
              </div> <!-- test-method -->
              <div class="configuration-method after">
                <span class="method-name">attachScreenshot([TestResult name=loginPageUrlTest status=SUCCESS method=LoginPageTest.loginPageUrlTest()[pri:0, inst...)</span>
                <span class="method-start">8619 ms</span>
              </div> <!-- configuration-method after -->
              <div class="test-method">
                <span class="method-name">logoTest</span>
                <span class="method-start">8624 ms</span>
              </div> <!-- test-method -->
              <div class="configuration-method after">
                <span class="method-name">attachScreenshot([TestResult name=logoTest status=SUCCESS method=LoginPageTest.logoTest()[pri:0, instance:com.qa.open...)</span>
                <span class="method-start">8653 ms</span>
              </div> <!-- configuration-method after -->
              <div class="test-method">
                <span class="method-name">loginTest</span>
                <span class="method-start">8656 ms</span>
              </div> <!-- test-method -->
            </div> <!-- chronological-class -->
            <div class="chronological-class">
              <div class="chronological-class-name">com.qa.opencart.test.HomePageTest</div> <!-- chronological-class-name -->
              <div class="configuration-method after">
                <span class="method-name">attachScreenshot([TestResult name=searchTest status=SKIP method=HomePageTest.searchTest(java.lang.String,int)[pri:0, ...)</span>
                <span class="method-start">9597 ms</span>
              </div> <!-- configuration-method after -->
              <div class="test-method">
                <span class="method-name">searchTest(macbook, 4)</span>
                <span class="method-start">9934 ms</span>
              </div> <!-- test-method -->
            </div> <!-- chronological-class -->
            <div class="chronological-class">
              <div class="chronological-class-name">com.qa.opencart.test.LoginPageTest</div> <!-- chronological-class-name -->
              <div class="configuration-method after">
                <span class="method-name">attachScreenshot([TestResult name=loginTest status=SUCCESS method=LoginPageTest.loginTest()[pri:2147483647, instance:...)</span>
                <span class="method-start">10239 ms</span>
              </div> <!-- configuration-method after -->
              <div class="configuration-class after">
                <span class="method-name">tearDown</span>
                <span class="method-start">10239 ms</span>
              </div> <!-- configuration-class after -->
            </div> <!-- chronological-class -->
            <div class="chronological-class">
              <div class="chronological-class-name">com.qa.opencart.test.HomePageTest</div> <!-- chronological-class-name -->
              <div class="configuration-method after">
                <span class="method-name">attachScreenshot([TestResult name=searchTest status=SKIP method=HomePageTest.searchTest(java.lang.String,int)[pri:0, ...)</span>
                <span class="method-start">10630 ms</span>
              </div> <!-- configuration-method after -->
              <div class="test-method">
                <span class="method-name">searchTest(macbook, 4)</span>
                <span class="method-start">10785 ms</span>
              </div> <!-- test-method -->
            </div> <!-- chronological-class -->
            <div class="chronological-class">
              <div class="chronological-class-name">com.qa.opencart.test.ProductInfoPageTest</div> <!-- chronological-class-name -->
              <div class="configuration-method after">
                <span class="method-name">attachScreenshot([TestResult name=productHeaderImageTest status=SUCCESS method=ProductInfoPageTest.productHeaderImage...)</span>
                <span class="method-start">11395 ms</span>
              </div> <!-- configuration-method after -->
              <div class="test-method">
                <span class="method-name">productHeaderImageTest(macbook, MacBook Air, 4)</span>
                <span class="method-start">11395 ms</span>
              </div> <!-- test-method -->
            </div> <!-- chronological-class -->
            <div class="chronological-class">
              <div class="chronological-class-name">com.qa.opencart.test.HomePageTest</div> <!-- chronological-class-name -->
              <div class="configuration-method after">
                <span class="method-name">attachScreenshot([TestResult name=searchTest status=SKIP method=HomePageTest.searchTest(java.lang.String,int)[pri:0, ...)</span>
                <span class="method-start">11515 ms</span>
              </div> <!-- configuration-method after -->
              <div class="test-method">
                <img src="failed.png">
                </img>
                <span class="method-name">searchTest(macbook, 4)</span>
                <span class="method-start">11716 ms</span>
              </div> <!-- test-method -->
              <div class="configuration-method after">
                <span class="method-name">attachScreenshot([TestResult name=searchTest status=FAILURE method=HomePageTest.searchTest(java.lang.String,int)[pri:...)</span>
                <span class="method-start">12538 ms</span>
              </div> <!-- configuration-method after -->
              <div class="test-method">
                <span class="method-name">searchTest(imac, 1)</span>
                <span class="method-start">12724 ms</span>
              </div> <!-- test-method -->
            </div> <!-- chronological-class -->
            <div class="chronological-class">
              <div class="chronological-class-name">com.qa.opencart.test.ProductInfoPageTest</div> <!-- chronological-class-name -->
              <div class="test-method">
                <span class="method-name">productHeaderImageTest(imac, iMac, 3)</span>
                <span class="method-start">13059 ms</span>
              </div> <!-- test-method -->
              <div class="configuration-method after">
                <span class="method-name">attachScreenshot([TestResult name=productHeaderImageTest status=SUCCESS method=ProductInfoPageTest.productHeaderImage...)</span>
                <span class="method-start">13059 ms</span>
              </div> <!-- configuration-method after -->
            </div> <!-- chronological-class -->
            <div class="chronological-class">
              <div class="chronological-class-name">com.qa.opencart.test.HomePageTest</div> <!-- chronological-class-name -->
              <div class="configuration-method after">
                <span class="method-name">attachScreenshot([TestResult name=searchTest status=SUCCESS method=HomePageTest.searchTest(java.lang.String,int)[pri:...)</span>
                <span class="method-start">13740 ms</span>
              </div> <!-- configuration-method after -->
              <div class="test-method">
                <span class="method-name">searchTest(samsung, 2)</span>
                <span class="method-start">13740 ms</span>
              </div> <!-- test-method -->
              <div class="configuration-method after">
                <span class="method-name">attachScreenshot([TestResult name=searchTest status=SUCCESS method=HomePageTest.searchTest(java.lang.String,int)[pri:...)</span>
                <span class="method-start">14787 ms</span>
              </div> <!-- configuration-method after -->
              <div class="test-method">
                <span class="method-name">searchTest(canon, 1)</span>
                <span class="method-start">14788 ms</span>
              </div> <!-- test-method -->
            </div> <!-- chronological-class -->
            <div class="chronological-class">
              <div class="chronological-class-name">com.qa.opencart.test.ProductInfoPageTest</div> <!-- chronological-class-name -->
              <div class="configuration-method after">
                <span class="method-name">attachScreenshot([TestResult name=productHeaderImageTest status=SUCCESS method=ProductInfoPageTest.productHeaderImage...)</span>
                <span class="method-start">15048 ms</span>
              </div> <!-- configuration-method after -->
              <div class="test-method">
                <span class="method-name">productHeaderImageTest(samsung, Samsung SyncMaster 941BW, 1)</span>
                <span class="method-start">15050 ms</span>
              </div> <!-- test-method -->
            </div> <!-- chronological-class -->
            <div class="chronological-class">
              <div class="chronological-class-name">com.qa.opencart.test.HomePageTest</div> <!-- chronological-class-name -->
              <div class="configuration-method after">
                <span class="method-name">attachScreenshot([TestResult name=searchTest status=SUCCESS method=HomePageTest.searchTest(java.lang.String,int)[pri:...)</span>
                <span class="method-start">15805 ms</span>
              </div> <!-- configuration-method after -->
              <div class="test-method">
                <span class="method-name">searchTest(nokia, 0)</span>
                <span class="method-start">15807 ms</span>
              </div> <!-- test-method -->
            </div> <!-- chronological-class -->
            <div class="chronological-class">
              <div class="chronological-class-name">com.qa.opencart.test.ProductInfoPageTest</div> <!-- chronological-class-name -->
              <div class="configuration-method after">
                <span class="method-name">attachScreenshot([TestResult name=productHeaderImageTest status=SUCCESS method=ProductInfoPageTest.productHeaderImage...)</span>
                <span class="method-start">16745 ms</span>
              </div> <!-- configuration-method after -->
              <div class="test-method">
                <span class="method-name">productHeaderImageTest(samsung, Samsung Galaxy Tab 10.1, 7)</span>
                <span class="method-start">16747 ms</span>
              </div> <!-- test-method -->
              <div class="configuration-method after">
                <span class="method-name">attachScreenshot([TestResult name=productHeaderImageTest status=SUCCESS method=ProductInfoPageTest.productHeaderImage...)</span>
                <span class="method-start">18796 ms</span>
              </div> <!-- configuration-method after -->
              <div class="test-method">
                <span class="method-name">productHeaderTest(Macbook, MacBook Pro)</span>
                <span class="method-start">18798 ms</span>
              </div> <!-- test-method -->
              <div class="configuration-method after">
                <span class="method-name">attachScreenshot([TestResult name=productHeaderTest status=SUCCESS method=ProductInfoPageTest.productHeaderTest(java....)</span>
                <span class="method-start">20202 ms</span>
              </div> <!-- configuration-method after -->
              <div class="test-method">
                <span class="method-name">productHeaderTest(iMac, iMac)</span>
                <span class="method-start">20204 ms</span>
              </div> <!-- test-method -->
              <div class="configuration-method after">
                <span class="method-name">attachScreenshot([TestResult name=productHeaderTest status=SUCCESS method=ProductInfoPageTest.productHeaderTest(java....)</span>
                <span class="method-start">21608 ms</span>
              </div> <!-- configuration-method after -->
              <div class="test-method">
                <span class="method-name">productHeaderTest(Samsung, Samsung SyncMaster 941BW)</span>
                <span class="method-start">21610 ms</span>
              </div> <!-- test-method -->
              <div class="configuration-method after">
                <span class="method-name">attachScreenshot([TestResult name=productHeaderTest status=SUCCESS method=ProductInfoPageTest.productHeaderTest(java....)</span>
                <span class="method-start">22889 ms</span>
              </div> <!-- configuration-method after -->
              <div class="test-method">
                <span class="method-name">productHeaderTest(Samsung, Samsung Galaxy Tab 10.1)</span>
                <span class="method-start">22891 ms</span>
              </div> <!-- test-method -->
              <div class="configuration-method after">
                <span class="method-name">attachScreenshot([TestResult name=productHeaderTest status=SUCCESS method=ProductInfoPageTest.productHeaderTest(java....)</span>
                <span class="method-start">24182 ms</span>
              </div> <!-- configuration-method after -->
              <div class="test-method">
                <span class="method-name">productInfoTest</span>
                <span class="method-start">24184 ms</span>
              </div> <!-- test-method -->
              <div class="configuration-method after">
                <span class="method-name">attachScreenshot([TestResult name=productInfoTest status=SUCCESS method=ProductInfoPageTest.productInfoTest()[pri:0, ...)</span>
                <span class="method-start">25632 ms</span>
              </div> <!-- configuration-method after -->
              <div class="configuration-class after">
                <span class="method-name">tearDown</span>
                <span class="method-start">25633 ms</span>
              </div> <!-- configuration-class after -->
            </div> <!-- chronological-class -->
            <div class="chronological-class">
              <div class="chronological-class-name">com.qa.opencart.test.HomePageTest</div> <!-- chronological-class-name -->
              <div class="configuration-method after">
                <span class="method-name">attachScreenshot([TestResult name=searchTest status=SUCCESS method=HomePageTest.searchTest(java.lang.String,int)[pri:...)</span>
                <span class="method-start">26745 ms</span>
              </div> <!-- configuration-method after -->
              <div class="test-method">
                <span class="method-name">searchTest(apple, 1)</span>
                <span class="method-start">26746 ms</span>
              </div> <!-- test-method -->
              <div class="configuration-method after">
                <span class="method-name">attachScreenshot([TestResult name=searchTest status=SUCCESS method=HomePageTest.searchTest(java.lang.String,int)[pri:...)</span>
                <span class="method-start">27765 ms</span>
              </div> <!-- configuration-method after -->
              <div class="configuration-class after">
                <span class="method-name">tearDown</span>
                <span class="method-start">27767 ms</span>
              </div> <!-- configuration-class after -->
          </div> <!-- main-panel-content rounded-window-bottom -->
        </div> <!-- panel -->
      </div> <!-- main-panel-root -->
    </div> <!-- wrapper -->
  </body>
<script type="text/javascript" src="testng-reports2.js"></script>
</html>
