<?xml version="1.0" encoding="UTF-8"?>
<!-- Generated by org.testng.reporters.JUnitReportReporter -->
<testsuite hostname="AAYUSH" failures="1" tests="13" name="com.qa.opencart.test.HomePageTest" time="20.709" errors="0" timestamp="2025-08-23T23:11:26 IST" skipped="3">
  <testcase classname="com.qa.opencart.test.HomePageTest" name="searchTest" time="11.118"/>
  <testcase classname="com.qa.opencart.test.HomePageTest" name="searchTest" time="1.015"/>
  <testcase classname="com.qa.opencart.test.HomePageTest" name="homePageTitileTest" time="0.023"/>
  <testcase classname="com.qa.opencart.test.HomePageTest" name="searchTest" time="0.694">
    <skipped/>
  </testcase> <!-- searchTest -->
  <testcase classname="com.qa.opencart.test.HomePageTest" name="searchTest" time="1.015"/>
  <testcase classname="com.qa.opencart.test.HomePageTest" name="searchTest" time="0.727">
    <skipped/>
  </testcase> <!-- searchTest -->
  <testcase classname="com.qa.opencart.test.HomePageTest" name="searchTest" time="0.999">
    <failure message="expected [4] but found [3]" type="java.lang.AssertionError">
      <![CDATA[java.lang.AssertionError: expected [4] but found [3]
at org.testng.Assert.fail(Assert.java:111)
at org.testng.Assert.failNotEquals(Assert.java:1578)
at org.testng.Assert.assertEqualsImpl(Assert.java:150)
at org.testng.Assert.assertEquals(Assert.java:132)
at org.testng.Assert.assertEquals(Assert.java:1419)
at org.testng.Assert.assertEquals(Assert.java:1383)
at org.testng.Assert.assertEquals(Assert.java:1429)
at com.qa.opencart.test.HomePageTest.searchTest(HomePageTest.java:56)
at java.base/jdk.internal.reflect.DirectMethodHandleAccessor.invoke(DirectMethodHandleAccessor.java:103)
at java.base/java.lang.reflect.Method.invoke(Method.java:580)
at org.testng.internal.invokers.MethodInvocationHelper.invokeMethod(MethodInvocationHelper.java:139)
at org.testng.internal.invokers.TestInvoker.invokeMethod(TestInvoker.java:664)
at org.testng.internal.invokers.TestInvoker.retryFailed(TestInvoker.java:248)
at org.testng.internal.invokers.MethodRunner.runInSequence(MethodRunner.java:62)
at org.testng.internal.invokers.TestInvoker$MethodInvocationAgent.invoke(TestInvoker.java:957)
at org.testng.internal.invokers.TestInvoker.invokeTestMethods(TestInvoker.java:200)
at org.testng.internal.invokers.TestMethodWorker.invokeTestMethods(TestMethodWorker.java:148)
at org.testng.internal.invokers.TestMethodWorker.run(TestMethodWorker.java:128)
at java.base/java.util.ArrayList.forEach(ArrayList.java:1596)
at org.testng.TestRunner.privateRun(TestRunner.java:848)
at org.testng.TestRunner.run(TestRunner.java:621)
at org.testng.SuiteRunner.runTest(SuiteRunner.java:443)
at org.testng.SuiteRunner$SuiteWorker.run(SuiteRunner.java:481)
at org.testng.internal.thread.ThreadUtil.lambda$execute$0(ThreadUtil.java:58)
at java.base/java.util.concurrent.FutureTask.run(FutureTask.java:317)
at java.base/java.util.concurrent.ThreadPoolExecutor.runWorker(ThreadPoolExecutor.java:1144)
at java.base/java.util.concurrent.ThreadPoolExecutor$Worker.run(ThreadPoolExecutor.java:642)
at java.base/java.lang.Thread.run(Thread.java:1583)
]]>
    </failure>
  </testcase> <!-- searchTest -->
  <testcase classname="com.qa.opencart.test.HomePageTest" name="headerTest" time="1.665"/>
  <testcase classname="com.qa.opencart.test.HomePageTest" name="homePageUrlTest" time="0.021"/>
  <testcase classname="com.qa.opencart.test.HomePageTest" name="searchTest" time="1.018"/>
  <testcase classname="com.qa.opencart.test.HomePageTest" name="searchTest" time="1.164">
    <skipped/>
  </testcase> <!-- searchTest -->
  <testcase classname="com.qa.opencart.test.HomePageTest" name="logoutLinkExitsTest" time="0.205"/>
  <testcase classname="com.qa.opencart.test.HomePageTest" name="searchTest" time="1.045"/>
</testsuite> <!-- com.qa.opencart.test.HomePageTest -->
